2025-08-09 17:43:49,722 - INFO - ================================================================================
2025-08-09 17:43:49,722 - INFO - INICIANDO PASO 13D: ROADMAP DETALLADO DE IMPLEMENTACIÓN
2025-08-09 17:43:49,722 - INFO - ================================================================================
2025-08-09 17:43:49,722 - WARNING - ⚠️  BASADO EN BUSINESS CASE CON DATOS ESTIMADOS
2025-08-09 17:43:49,722 - INFO - Carpeta verificada/creada: excel
2025-08-09 17:43:49,722 - INFO - Carpeta verificada/creada: informes
2025-08-09 17:43:49,722 - INFO - Carpeta verificada/creada: graficos
2025-08-09 17:43:49,722 - INFO - Carpeta verificada/creada: logs
2025-08-09 17:43:49,722 - INFO - Carpeta verificada/creada: datos
2025-08-09 17:43:49,722 - INFO - ==================================================
2025-08-09 17:43:49,722 - INFO - CARGANDO DATOS DEL BUSINESS CASE DEL PASO 13C
2025-08-09 17:43:49,722 - INFO - Cargando datos del business case del Paso 13C...
2025-08-09 17:43:49,722 - INFO - Business case cargado exitosamente
2025-08-09 17:43:49,722 - INFO - ROI anual proyectado: 242.1%
2025-08-09 17:43:49,722 - INFO - ==================================================
2025-08-09 17:43:49,722 - INFO - DEFINIENDO FASES DE IMPLEMENTACIÓN ESTRATÉGICA
2025-08-09 17:43:49,722 - INFO - Definiendo fases de implementación estratégica...
2025-08-09 17:43:49,722 - INFO - Definidas 5 fases de implementación
2025-08-09 17:43:49,722 - INFO - Prioridad máxima: Medio Riesgo (Fases 2 y 3)
2025-08-09 17:43:49,722 - INFO - ==================================================
2025-08-09 17:43:49,733 - INFO - CREANDO TIMELINE MENSUAL DETALLADO
2025-08-09 17:43:49,733 - INFO - Creando timeline mensual detallado...
2025-08-09 17:43:49,733 - INFO - Timeline creado: 12 meses detallados
2025-08-09 17:43:49,733 - INFO - ==================================================
2025-08-09 17:43:49,733 - INFO - CREANDO VISUALIZACIONES DEL ROADMAP
2025-08-09 17:43:49,734 - INFO - Creando visualización del roadmap...
2025-08-09 17:43:52,429 - INFO - Visualización roadmap guardada: graficos/paso13d_roadmap_detallado_20250809_174349.png (1,405,011 bytes)
2025-08-09 17:43:52,429 - INFO - ==================================================
2025-08-09 17:43:52,429 - INFO - CREANDO DASHBOARD EXCEL DEL ROADMAP
2025-08-09 17:43:52,429 - INFO - Creando dashboard Excel del roadmap...
2025-08-09 17:43:52,700 - INFO - Dashboard Excel roadmap creado: excel/paso13d_roadmap_dashboard_20250809_174349.xlsx
2025-08-09 17:43:52,700 - INFO - ==================================================
2025-08-09 17:43:52,700 - INFO - GUARDANDO RESULTADOS DEL ROADMAP
2025-08-09 17:43:52,700 - INFO - Guardando resultados del roadmap...
2025-08-09 17:43:52,700 - INFO - JSON roadmap guardado: informes/paso13d_roadmap_detallado_20250809_174349.json
2025-08-09 17:43:52,700 - INFO - Informe roadmap guardado: informes/paso13d_roadmap_detallado_20250809_174349.txt
2025-08-09 17:43:52,700 - INFO - ================================================================================
2025-08-09 17:43:52,700 - INFO - PASO 13D COMPLETADO EXITOSAMENTE
2025-08-09 17:43:52,700 - INFO - ================================================================================
2025-08-09 17:43:52,700 - INFO - 
2025-08-09 17:43:52,700 - WARNING - ⚠️⚠️⚠️ ROADMAP BASADO EN DATOS ESTIMADOS ⚠️⚠️⚠️
2025-08-09 17:43:52,700 - INFO - 
2025-08-09 17:43:52,700 - INFO - 📅 ROADMAP DE IMPLEMENTACIÓN:
2025-08-09 17:43:52,700 - INFO -   • Duración total: 12 meses
2025-08-09 17:43:52,700 - INFO -   • Número de fases: 5
2025-08-09 17:43:52,700 - INFO -   • Budget total estimado: $660,000.00
2025-08-09 17:43:52,700 - INFO -   • ROI objetivo: 242.1%
2025-08-09 17:43:52,700 - INFO - 
2025-08-09 17:43:52,700 - INFO - 🎯 FASES PRINCIPALES:
2025-08-09 17:43:52,700 - INFO -   • Preparación y Setup: 2 meses (15% budget)
2025-08-09 17:43:52,700 - INFO -   • Piloto Medio Riesgo (Prioridad Máxima): 3 meses (25% budget)
2025-08-09 17:43:52,700 - INFO -   • Scaling Completo Medio Riesgo: 2 meses (30% budget)
2025-08-09 17:43:52,700 - INFO -   • Alto Riesgo Selectivo: 3 meses (20% budget)
2025-08-09 17:43:52,700 - INFO -   • Bajo Riesgo y Optimización: 2 meses (10% budget)
2025-08-09 17:43:52,709 - INFO - 
2025-08-09 17:43:52,709 - INFO - 🚀 ESTRATEGIA PRIORIZADA:
2025-08-09 17:43:52,709 - INFO -   • FASE 2-3: Medio Riesgo (prioridad máxima)
2025-08-09 17:43:52,709 - INFO -   • FASE 4: Alto Riesgo (selectivo)
2025-08-09 17:43:52,709 - INFO -   • FASE 5: Bajo Riesgo (mantenimiento)
2025-08-09 17:43:52,710 - INFO - 
2025-08-09 17:43:52,710 - INFO - 📊 MILESTONES CRÍTICOS:
2025-08-09 17:43:52,710 - INFO -   • Mes 2: Setup completo (Go/No-Go)
2025-08-09 17:43:52,710 - INFO -   • Mes 5: Piloto validado (Go/No-Go Scaling)
2025-08-09 17:43:52,710 - INFO -   • Mes 8: Medio Riesgo completo (Go/No-Go Alto)
2025-08-09 17:43:52,710 - INFO -   • Mes 12: Implementación completa
2025-08-09 17:43:52,710 - INFO - 
2025-08-09 17:43:52,711 - INFO - 📁 ARCHIVOS GENERADOS:
2025-08-09 17:43:52,711 - INFO -   • JSON roadmap: informes/paso13d_roadmap_detallado_20250809_174349.json
2025-08-09 17:43:52,711 - INFO -   • Informe detallado: informes/paso13d_roadmap_detallado_20250809_174349.txt
2025-08-09 17:43:52,711 - INFO -   • Dashboard Excel: excel/paso13d_roadmap_dashboard_20250809_174349.xlsx
2025-08-09 17:43:52,711 - INFO -   • Visualizaciones: graficos/paso13d_roadmap_detallado_20250809_174349.png
2025-08-09 17:43:52,711 - INFO - 
2025-08-09 17:43:52,711 - WARNING - ⚠️ IMPORTANTE: VALIDAR CON DATOS REALES
2025-08-09 17:43:52,711 - WARNING - Timeline y recursos basados en benchmarks estimados
2025-08-09 17:43:52,712 - WARNING - Testear supuestos con piloto antes de implementación completa
2025-08-09 17:43:52,712 - INFO - 
2025-08-09 17:43:52,712 - INFO - 📋 LISTO PARA SCRIPTS FINALES:
2025-08-09 17:43:52,712 - INFO -   • paso13e: Outputs ejecutivos para stakeholders
2025-08-09 17:43:52,712 - INFO -   • paso13f: Informe final estratégico consolidado
2025-08-09 17:43:52,712 - INFO - ================================================================================
