2025-08-09 18:14:18,070 - INFO - ================================================================================
2025-08-09 18:14:18,070 - INFO - INICIANDO PASO 13E: OUTPUTS EJECUTIVOS PARA CEO Y BOARD
2025-08-09 18:14:18,070 - INFO - ================================================================================
2025-08-09 18:14:18,070 - WARNING - ⚠️  CONSOLIDANDO ANÁLISIS BASADO EN DATOS ESTIMADOS
2025-08-09 18:14:18,070 - INFO - Carpeta verificada/creada: excel
2025-08-09 18:14:18,070 - INFO - Carpeta verificada/creada: informes
2025-08-09 18:14:18,070 - INFO - Carpeta verificada/creada: graficos
2025-08-09 18:14:18,070 - INFO - Carpeta verificada/creada: logs
2025-08-09 18:14:18,085 - INFO - Carpeta verificada/creada: datos
2025-08-09 18:14:18,085 - INFO - ==================================================
2025-08-09 18:14:18,085 - INFO - CARGANDO RESULTADOS CONSOLIDADOS (PASOS 13A-13D)
2025-08-09 18:14:18,085 - INFO - Cargando resultados consolidados de pasos 13A-13D...
2025-08-09 18:14:18,085 - INFO - Paso 13A cargado: Factores críticos identificados
2025-08-09 18:14:18,085 - INFO - Paso 13B cargado: Segmentación por riesgo completada
2025-08-09 18:14:18,089 - INFO - Paso 13C cargado: Business case con ROI validado
2025-08-09 18:14:18,090 - INFO - Paso 13D cargado: Roadmap de implementación definido
2025-08-09 18:14:18,090 - INFO - Resultados consolidados: 4/4 pasos cargados exitosamente
2025-08-09 18:14:18,090 - INFO - ==================================================
2025-08-09 18:14:18,090 - INFO - EXTRAYENDO MÉTRICAS EJECUTIVAS CLAVE
2025-08-09 18:14:18,090 - INFO - Extrayendo métricas ejecutivas clave...
2025-08-09 18:14:18,091 - INFO - Métricas ejecutivas extraídas exitosamente
2025-08-09 18:14:18,091 - INFO - ==================================================
2025-08-09 18:14:18,091 - INFO - CREANDO DASHBOARD EJECUTIVO PARA CEO/BOARD
2025-08-09 18:14:18,091 - INFO - Creando dashboard ejecutivo para CEO/Board...
2025-08-09 18:14:19,620 - INFO - Dashboard ejecutivo creado: graficos/paso13e_dashboard_ejecutivo_20250809_181418.png (817,168 bytes)
2025-08-09 18:14:19,620 - INFO - ==================================================
2025-08-09 18:14:19,620 - INFO - CREANDO TEMPLATE DE SEGUIMIENTO DE KPIS
2025-08-09 18:14:19,623 - INFO - Creando template de seguimiento de KPIs...
2025-08-09 18:14:19,903 - INFO - Template de KPIs creado: excel/paso13e_kpi_tracking_template_20250809_181418.xlsx
2025-08-09 18:14:19,903 - INFO - ==================================================
2025-08-09 18:14:19,903 - INFO - GUARDANDO OUTPUTS EJECUTIVOS
2025-08-09 18:14:19,904 - INFO - Guardando outputs ejecutivos...
2025-08-09 18:14:19,905 - INFO - JSON outputs ejecutivos guardado: informes/paso13e_outputs_ejecutivos_20250809_181418.json
2025-08-09 18:14:19,905 - INFO - Resumen ejecutivo guardado: informes/paso13e_resumen_ejecutivo_20250809_181418.txt
2025-08-09 18:14:19,905 - INFO - ================================================================================
2025-08-09 18:14:19,905 - INFO - PASO 13E COMPLETADO EXITOSAMENTE
2025-08-09 18:14:19,905 - INFO - ================================================================================
2025-08-09 18:14:19,905 - INFO - 
2025-08-09 18:14:19,906 - WARNING - ⚠️⚠️⚠️ OUTPUTS BASADOS EN DATOS ESTIMADOS ⚠️⚠️⚠️
2025-08-09 18:14:19,906 - INFO - 
2025-08-09 18:14:19,906 - INFO - 💰 MÉTRICAS FINANCIERAS EJECUTIVAS:
2025-08-09 18:14:19,906 - INFO -   • ROI anual proyectado: 242.1%
2025-08-09 18:14:19,906 - INFO -   • Inversión requerida: $76,045
2025-08-09 18:14:19,906 - INFO -   • Revenue salvado: $260,145
2025-08-09 18:14:19,906 - INFO -   • Payback period: 3.5 meses
2025-08-09 18:14:19,906 - INFO -   • NPV 3 años: $346,463
2025-08-09 18:14:19,907 - INFO - 
2025-08-09 18:14:19,907 - INFO - 🎯 RECOMENDACIÓN EJECUTIVA:
2025-08-09 18:14:19,907 - INFO -   • Decisión: PROCEDER CON IMPLEMENTACIÓN
2025-08-09 18:14:19,907 - INFO -   • Acción prioritaria: Iniciar con piloto Medio Riesgo
2025-08-09 18:14:19,907 - INFO -   • Validación crítica: Confirmar supuestos con datos reales empresa
2025-08-09 18:14:19,907 - INFO - 
2025-08-09 18:14:19,907 - INFO - 📊 AUDIENCIA Y PROPÓSITO:
2025-08-09 18:14:19,907 - INFO -   • Target: CEO, CFO, Board de Directores
2025-08-09 18:14:19,908 - INFO -   • Estilo: Corporativo, profesional, high-level
2025-08-09 18:14:19,908 - INFO -   • Enfoque: Métricas clave y decisiones estratégicas
2025-08-09 18:14:19,908 - INFO - 
2025-08-09 18:14:19,908 - INFO - 📁 ARCHIVOS GENERADOS:
2025-08-09 18:14:19,908 - INFO -   • Dashboard ejecutivo: graficos/paso13e_dashboard_ejecutivo_20250809_181418.png
2025-08-09 18:14:19,908 - INFO -   • Template KPIs: excel/paso13e_kpi_tracking_template_20250809_181418.xlsx
2025-08-09 18:14:19,908 - INFO -   • JSON métricas: informes/paso13e_outputs_ejecutivos_20250809_181418.json
2025-08-09 18:14:19,909 - INFO -   • Resumen ejecutivo: informes/paso13e_resumen_ejecutivo_20250809_181418.txt
2025-08-09 18:14:19,909 - INFO - 
2025-08-09 18:14:19,909 - WARNING - ⚠️ DISCLAIMER CRÍTICO:
2025-08-09 18:14:19,909 - WARNING - Todos los outputs están basados en benchmarks estimados
2025-08-09 18:14:19,909 - WARNING - industria telecom para demostración metodológica
2025-08-09 18:14:19,909 - WARNING - VALIDACIÓN CON DATOS REALES es esencial antes de decisiones
2025-08-09 18:14:19,909 - INFO - 
2025-08-09 18:14:19,912 - INFO - 📋 PRÓXIMO Y ÚLTIMO SCRIPT:
2025-08-09 18:14:19,912 - INFO -   • paso13f: Informe final estratégico consolidado
2025-08-09 18:14:19,913 - INFO -   • Consolidación completa de todo el proyecto
2025-08-09 18:14:19,913 - INFO - ================================================================================
