2025-07-24 19:02:43,381 - INFO - INICIANDO PASO 3: VERIFICACION DE PROPORCION DE CHURN
2025-07-24 19:02:43,381 - INFO - ======================================================================
2025-07-24 19:02:43,382 - INFO - Archivo del Paso 2 encontrado: excel\telecomx_paso2_encoding_aplicado_20250722_193047.csv
2025-07-24 19:02:43,418 - INFO - Dataset cargado exitosamente desde: excel\telecomx_paso2_encoding_aplicado_20250722_193047.csv
2025-07-24 19:02:43,418 - INFO - Codificacion utilizada: utf-8-sig
2025-07-24 19:02:43,419 - INFO - Dimensiones: 7043 filas x 41 columnas
2025-07-24 19:02:43,419 - INFO - VERIFICANDO VARIABLE OBJETIVO 'Abandono_Cliente'
2025-07-24 19:02:43,419 - INFO - ==================================================
2025-07-24 19:02:43,420 - INFO - Variable objetivo ENCONTRADA y VALIDADA
2025-07-24 19:02:43,420 - INFO -   Tipo de datos: int64
2025-07-24 19:02:43,421 - INFO -   Valores únicos: [np.int64(0), np.int64(1)]
2025-07-24 19:02:43,422 - INFO -   Es binaria: SI
2025-07-24 19:02:43,422 - INFO -   Valores nulos: 0
2025-07-24 19:02:43,422 - INFO - ANALIZANDO DISTRIBUCION DE CHURN
2025-07-24 19:02:43,422 - INFO - ========================================
2025-07-24 19:02:43,432 - INFO - DISTRIBUCION DE CLASES:
2025-07-24 19:02:43,432 - INFO -   Total de clientes: 7,043
2025-07-24 19:02:43,432 - INFO -   No Churn (0): 5,174 (73.5%)
2025-07-24 19:02:43,432 - INFO -   Churn (1): 1,869 (26.5%)
2025-07-24 19:02:43,433 - INFO - 
2025-07-24 19:02:43,433 - INFO - METRICAS DE BALANCE:
2025-07-24 19:02:43,433 - INFO -   Clase mayoría: No Churn (73.5%)
2025-07-24 19:02:43,433 - INFO -   Clase minoría: Churn (26.5%)
2025-07-24 19:02:43,433 - INFO -   Ratio desbalance: 2.77:1
2025-07-24 19:02:43,433 - INFO -   Nivel de balance: Moderadamente Desbalanceado
2025-07-24 19:02:43,434 - INFO -   Severidad: Moderado
2025-07-24 19:02:43,434 - INFO -   Impacto en modelos: Alto
2025-07-24 19:02:43,434 - INFO - GENERANDO VISUALIZACIONES DE CHURN
2025-07-24 19:02:43,434 - INFO - ========================================
2025-07-24 19:02:43,436 - INFO - Generando grafico de barras...
2025-07-24 19:02:44,467 - INFO - Grafico de barras generado exitosamente
2025-07-24 19:02:44,468 - INFO - Generando grafico circular...
2025-07-24 19:02:44,817 - INFO - Grafico circular generado exitosamente
2025-07-24 19:02:44,817 - INFO - Generando histograma...
2025-07-24 19:02:45,105 - INFO - Histograma generado exitosamente
2025-07-24 19:02:45,106 - INFO - Generando grafico comparativo con metricas...
2025-07-24 19:02:45,770 - INFO - Grafico comparativo generado exitosamente
2025-07-24 19:02:45,770 - INFO - Proceso de visualizaciones completado
2025-07-24 19:02:45,771 - INFO - ANALIZANDO IMPLICACIONES PARA MODELADO
2025-07-24 19:02:45,771 - INFO - =============================================
2025-07-24 19:02:45,771 - INFO - Requiere manejo especial: SI
2025-07-24 19:02:45,771 - INFO - Métricas recomendadas: F1-Score, AUC-ROC, AUC-PR, Balanced Accuracy
2025-07-24 19:02:45,772 - INFO - Enfoque recomendado: Enfoque especializado en desbalance
2025-07-24 19:02:45,772 - INFO - Informe guardado: informes/paso3_verificacion_proporcion_churn_informe_20250724_190243.txt
2025-07-24 19:02:45,773 - INFO - ======================================================================
2025-07-24 19:02:45,773 - INFO - PROCESO COMPLETADO EXITOSAMENTE
2025-07-24 19:02:45,773 - INFO - Total de clientes analizados: 7,043
2025-07-24 19:02:45,773 - INFO - Proporcion de churn: 26.5%
2025-07-24 19:02:45,773 - INFO - Nivel de balance: Moderadamente Desbalanceado
2025-07-24 19:02:45,773 - INFO - Requiere manejo especial: SI
2025-07-24 19:02:45,774 - INFO - Informe generado: informes/paso3_verificacion_proporcion_churn_informe_20250724_190243.txt
2025-07-24 19:02:45,774 - INFO - ======================================================================
