2025-08-09 17:07:30,512 - INFO - ================================================================================
2025-08-09 17:07:30,512 - INFO - INICIANDO PASO 13C: BUSINESS CASE COMPLETO CON ROI Y PROYECCIONES
2025-08-09 17:07:30,512 - INFO - ================================================================================
2025-08-09 17:07:30,512 - WARNING - ⚠️  UTILIZANDO BENCHMARKS ESTIMADOS DE INDUSTRIA TELECOM
2025-08-09 17:07:30,512 - INFO - Carpeta verificada/creada: excel
2025-08-09 17:07:30,513 - INFO - Carpeta verificada/creada: informes
2025-08-09 17:07:30,513 - INFO - Carpeta verificada/creada: graficos
2025-08-09 17:07:30,513 - INFO - Carpeta verificada/creada: logs
2025-08-09 17:07:30,515 - INFO - Carpeta verificada/creada: datos
2025-08-09 17:07:30,515 - INFO - ==================================================
2025-08-09 17:07:30,515 - INFO - CARGANDO DATOS DE SEGMENTACIÓN DEL PASO 13B
2025-08-09 17:07:30,515 - INFO - Cargando datos de segmentación del Paso 13B...
2025-08-09 17:07:30,516 - INFO - Datos de segmentación cargados: 3 segmentos
2025-08-09 17:07:30,516 - INFO - Total clientes: 7,043
2025-08-09 17:07:30,516 - INFO - ==================================================
2025-08-09 17:07:30,516 - INFO - DEFINIENDO BENCHMARKS DE LA INDUSTRIA TELECOM
2025-08-09 17:07:30,516 - INFO - ⚠️  DEFINIENDO BENCHMARKS DE INDUSTRIA TELECOM (DATOS ESTIMADOS)
2025-08-09 17:07:30,516 - WARNING - ================================================================================
2025-08-09 17:07:30,516 - WARNING - ⚠️  ADVERTENCIA: DATOS FINANCIEROS ESTIMADOS
2025-08-09 17:07:30,517 - WARNING - ================================================================================
2025-08-09 17:07:30,517 - WARNING - Los siguientes datos son ESTIMACIONES basadas en benchmarks
2025-08-09 17:07:30,517 - WARNING - de la industria telecom para fines de SIMULACIÓN:
2025-08-09 17:07:30,517 - WARNING - • ARPU mensual: $45.0
2025-08-09 17:07:30,518 - WARNING - • CAC: $150.0
2025-08-09 17:07:30,518 - WARNING - • Save rates: Alto 20%, Medio 35%, Bajo 15%
2025-08-09 17:07:30,518 - WARNING - ================================================================================
2025-08-09 17:07:30,518 - INFO - ==================================================
2025-08-09 17:07:30,519 - INFO - CALCULANDO ESTADO FINANCIERO ACTUAL
2025-08-09 17:07:30,519 - INFO - Calculando estado financiero actual (baseline)...
2025-08-09 17:07:30,519 - INFO - Estado actual calculado:
2025-08-09 17:07:30,519 - INFO -   • Total customers: 7,043
2025-08-09 17:07:30,519 - INFO -   • Revenue anual: $3,803,220.00
2025-08-09 17:07:30,519 - INFO -   • Pérdida por churn: $1,009,260.00 (26.5%)
2025-08-09 17:07:30,519 - INFO - ==================================================
2025-08-09 17:07:30,519 - INFO - CALCULANDO ESCENARIOS DE INTERVENCIÓN Y ROI
2025-08-09 17:07:30,520 - INFO - Calculando escenarios de intervención y ROI...
2025-08-09 17:07:30,520 - INFO - Escenarios de intervención calculados:
2025-08-09 17:07:30,520 - INFO -   • Inversión anual total: $76,045.00
2025-08-09 17:07:30,520 - INFO -   • Revenue salvado anual: $260,145.00
2025-08-09 17:07:30,520 - INFO -   • ROI anual estimado: 242.1%
2025-08-09 17:07:30,520 - INFO - ==================================================
2025-08-09 17:07:30,520 - INFO - CREANDO PROYECCIONES FINANCIERAS A 3 AÑOS
2025-08-09 17:07:30,521 - INFO - Creando proyecciones financieras a 3 años...
2025-08-09 17:07:30,521 - INFO - Proyecciones 3 años calculadas:
2025-08-09 17:07:30,521 - INFO -   • NPV: $346,462.88
2025-08-09 17:07:30,521 - INFO -   • ROI acumulado 3 años: 93.2%
2025-08-09 17:07:30,521 - INFO -   • Break-even año: 1
2025-08-09 17:07:30,521 - INFO - ==================================================
2025-08-09 17:07:30,521 - INFO - CREANDO VISUALIZACIONES DEL BUSINESS CASE
2025-08-09 17:07:30,522 - INFO - Creando visualizaciones del business case...
2025-08-09 17:07:33,163 - INFO - Visualización business case guardada: graficos/paso13c_business_case_completo_20250809_170730.png (1,140,352 bytes)
2025-08-09 17:07:33,166 - INFO - ==================================================
2025-08-09 17:07:33,166 - INFO - CREANDO DASHBOARD EXCEL
2025-08-09 17:07:33,166 - INFO - Creando dashboard Excel del business case...
2025-08-09 17:07:33,445 - INFO - Dashboard Excel business case creado: excel/paso13c_business_case_dashboard_20250809_170730.xlsx
2025-08-09 17:07:33,445 - INFO - ==================================================
2025-08-09 17:07:33,445 - INFO - GUARDANDO RESULTADOS DEL BUSINESS CASE
2025-08-09 17:07:33,445 - INFO - Guardando resultados del business case...
2025-08-09 17:07:33,446 - INFO - JSON business case guardado: informes/paso13c_business_case_completo_20250809_170730.json
2025-08-09 17:07:33,448 - INFO - Informe ejecutivo guardado: informes/paso13c_business_case_completo_20250809_170730.txt
2025-08-09 17:07:33,448 - INFO - ================================================================================
2025-08-09 17:07:33,448 - INFO - PASO 13C COMPLETADO EXITOSAMENTE
2025-08-09 17:07:33,448 - INFO - ================================================================================
2025-08-09 17:07:33,448 - INFO - 
2025-08-09 17:07:33,448 - WARNING - ⚠️⚠️⚠️ RESULTADOS BASADOS EN DATOS ESTIMADOS ⚠️⚠️⚠️
2025-08-09 17:07:33,448 - INFO - 
2025-08-09 17:07:33,449 - INFO - 💰 BUSINESS CASE FINANCIERO:
2025-08-09 17:07:33,449 - INFO -   • Inversión anual: $76,045.00
2025-08-09 17:07:33,449 - INFO -   • Revenue salvado: $260,145.00
2025-08-09 17:07:33,449 - INFO -   • ROI anual: 242.1%
2025-08-09 17:07:33,449 - INFO -   • Payback: 3.5 meses
2025-08-09 17:07:33,449 - INFO - 
2025-08-09 17:07:33,449 - INFO - 📈 PROYECCIONES 3 AÑOS:
2025-08-09 17:07:33,449 - INFO -   • NPV: $346,462.88
2025-08-09 17:07:33,450 - INFO -   • ROI acumulado: 93.2%
2025-08-09 17:07:33,450 - INFO -   • Break-even: Año 1
2025-08-09 17:07:33,450 - INFO - 
2025-08-09 17:07:33,451 - INFO - 🎯 ROI POR SEGMENTO (ESTIMADO):
2025-08-09 17:07:33,451 - INFO -   • Bajo_Riesgo: 224.0% ROI
2025-08-09 17:07:33,451 - INFO -   • Medio_Riesgo: 440.0% ROI
2025-08-09 17:07:33,453 - INFO -   • Alto_Riesgo: 140.0% ROI
2025-08-09 17:07:33,453 - INFO - 
2025-08-09 17:07:33,453 - INFO - 📁 ARCHIVOS GENERADOS:
2025-08-09 17:07:33,453 - INFO -   • JSON business case: informes/paso13c_business_case_completo_20250809_170730.json
2025-08-09 17:07:33,453 - INFO -   • Informe ejecutivo: informes/paso13c_business_case_completo_20250809_170730.txt
2025-08-09 17:07:33,453 - INFO -   • Dashboard Excel: excel/paso13c_business_case_dashboard_20250809_170730.xlsx
2025-08-09 17:07:33,455 - INFO -   • Visualizaciones: graficos/paso13c_business_case_completo_20250809_170730.png
2025-08-09 17:07:33,455 - INFO - 
2025-08-09 17:07:33,455 - WARNING - ⚠️ IMPORTANTE: VALIDAR CON DATOS REALES DE LA EMPRESA
2025-08-09 17:07:33,455 - WARNING - Los benchmarks utilizados son estimaciones de la industria telecom
2025-08-09 17:07:33,456 - WARNING - Para implementación real, reemplazar con datos financieros específicos
2025-08-09 17:07:33,456 - INFO - 
2025-08-09 17:07:33,456 - INFO - 📋 LISTO PARA PRÓXIMOS SCRIPTS:
2025-08-09 17:07:33,456 - INFO -   • paso13d: Roadmap detallado de implementación
2025-08-09 17:07:33,456 - INFO -   • paso13e: Outputs ejecutivos para stakeholders
2025-08-09 17:07:33,457 - INFO -   • paso13f: Informe final estratégico consolidado
2025-08-09 17:07:33,457 - INFO - ================================================================================
